[debug] [2022-09-06T18:29:33.017Z] ----------------------------------------------------------------------
[debug] [2022-09-06T18:29:33.019Z] Command:       C:\Program Files\nodejs\node.exe C:\Users\Usuario\AppData\Roaming\npm\node_modules\firebase-tools\lib\bin\firebase.js init
[debug] [2022-09-06T18:29:33.019Z] CLI Version:   11.8.0
[debug] [2022-09-06T18:29:33.020Z] Platform:      win32
[debug] [2022-09-06T18:29:33.020Z] Node Version:  v16.17.0
[debug] [2022-09-06T18:29:33.021Z] Time:          Tue Sep 06 2022 13:29:33 GMT-0500 (hora de verano central)
[debug] [2022-09-06T18:29:33.022Z] ----------------------------------------------------------------------
[debug] 
[debug] [2022-09-06T18:29:33.100Z] > command requires scopes: ["email","openid","https://www.googleapis.com/auth/cloudplatformprojects.readonly","https://www.googleapis.com/auth/firebase","https://www.googleapis.com/auth/cloud-platform"]
[debug] [2022-09-06T18:29:33.100Z] > authorizing via signed-in user (isa08029612@gmail.com)
[info] 
     ######## #### ########  ######## ########     ###     ######  ########
     ##        ##  ##     ## ##       ##     ##  ##   ##  ##       ##
     ######    ##  ########  ######   ########  #########  ######  ######
     ##        ##  ##    ##  ##       ##     ## ##     ##       ## ##
     ##       #### ##     ## ######## ########  ##     ##  ######  ########

You're about to initialize a Firebase project in this directory:

  C:\Users\Usuario\Desktop\BarmanBoys\PaginaWebBarmanBoysMx

Before we get started, keep in mind:

  * You are initializing within an existing Firebase project directory

[info] 
=== Project Setup
[info] 
[info] First, let's associate this project directory with a Firebase project.
[info] You can create multiple project aliases by running firebase use --add, 
[info] but for now we'll just set up a default project.
[info] 
[debug] [2022-09-06T18:29:44.349Z] Using project from CLI flag: barmanboys
[debug] [2022-09-06T18:29:44.352Z] >>> [apiv2][query] GET https://firebase.googleapis.com/v1beta1/projects/barmanboys [none]
[debug] [2022-09-06T18:29:44.607Z] <<< [apiv2][status] GET https://firebase.googleapis.com/v1beta1/projects/barmanboys 200
[debug] [2022-09-06T18:29:44.608Z] <<< [apiv2][body] GET https://firebase.googleapis.com/v1beta1/projects/barmanboys {"projectId":"barmanboys","projectNumber":"526270321811","displayName":"barmanboys","name":"projects/barmanboys","resources":{"hostingSite":"barmanboys","realtimeDatabaseInstance":"barmanboys-default-rtdb"},"state":"ACTIVE","etag":"1_9983f15c-dd7c-48ed-aeb6-a493af0f06da"}
[info] i  Using project barmanboys (barmanboys) 
[info] 
=== Hosting:github Setup
[info] 
[info] i  Detected a .git folder at C:\Users\Usuario\Desktop\BarmanBoys\PaginaWebBarmanBoysMx\barmanboysmx 
[info] i  Authorizing with GitHub to upload your service account to a GitHub repository's secrets store. 
[info] 
[info] Visit this URL on this device to log in:
[info] https://github.com/login/oauth/authorize?client_id=89cf50f02ac6aaed3484&state=204389701&redirect_uri=http%3A%2F%2Flocalhost%3A9005&scope=read%3Auser%20repo%20public_repo
[info] 
[info] Waiting for authentication...
[debug] [2022-09-06T18:29:45.525Z] >>> [apiv2][query] POST https://github.com/login/oauth/access_token [none]
[debug] [2022-09-06T18:29:45.525Z] >>> [apiv2][body] POST https://github.com/login/oauth/access_token [stream]
[debug] [2022-09-06T18:29:45.989Z] <<< [apiv2][status] POST https://github.com/login/oauth/access_token 200
[debug] [2022-09-06T18:29:45.989Z] <<< [apiv2][body] POST https://github.com/login/oauth/access_token {"access_token":"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","token_type":"bearer","scope":"read:user,repo"}
[debug] [2022-09-06T18:29:45.996Z] >>> [apiv2][query] GET https://api.github.com/user [none]
[debug] [2022-09-06T18:29:46.472Z] <<< [apiv2][status] GET https://api.github.com/user 200
[debug] [2022-09-06T18:29:46.472Z] <<< [apiv2][body] GET https://api.github.com/user {"login":"Isaias0101","id":102879045,"node_id":"U_kgDOBiHPRQ","avatar_url":"https://avatars.githubusercontent.com/u/102879045?v=4","gravatar_id":"","url":"https://api.github.com/users/Isaias0101","html_url":"https://github.com/Isaias0101","followers_url":"https://api.github.com/users/Isaias0101/followers","following_url":"https://api.github.com/users/Isaias0101/following{/other_user}","gists_url":"https://api.github.com/users/Isaias0101/gists{/gist_id}","starred_url":"https://api.github.com/users/Isaias0101/starred{/owner}{/repo}","subscriptions_url":"https://api.github.com/users/Isaias0101/subscriptions","organizations_url":"https://api.github.com/users/Isaias0101/orgs","repos_url":"https://api.github.com/users/Isaias0101/repos","events_url":"https://api.github.com/users/Isaias0101/events{/privacy}","received_events_url":"https://api.github.com/users/Isaias0101/received_events","type":"User","site_admin":false,"name":null,"company":null,"blog":"","location":null,"email":null,"hireable":null,"bio":null,"twitter_username":null,"public_repos":3,"public_gists":0,"followers":0,"following":1,"created_at":"2022-04-02T20:15:44Z","updated_at":"2022-09-05T19:28:57Z","private_gists":0,"total_private_repos":0,"owned_private_repos":0,"disk_usage":3194,"collaborators":0,"two_factor_authentication":false,"plan":{"name":"free","space":976562499,"collaborators":0,"private_repos":10000}}
[info] 
[info] +  Success! Logged into GitHub as Isaias0101 
[info] 
[debug] [2022-09-06T18:29:58.299Z] >>> [apiv2][query] GET https://api.github.com/repos//actions/secrets/public-key type=owner
[debug] [2022-09-06T18:29:58.466Z] >>> [apiv2][query] GET https://api.github.com/repos//actions/secrets/public-key type=owner
[debug] [2022-09-06T18:29:58.607Z] >>> [apiv2][query] GET https://api.github.com/repos//actions/secrets/public-key type=owner
[debug] [2022-09-06T18:29:58.726Z] <<< [apiv2][status] GET https://api.github.com/repos//actions/secrets/public-key 404
[debug] [2022-09-06T18:29:58.726Z] <<< [apiv2][body] GET https://api.github.com/repos//actions/secrets/public-key {"message":"Not Found","documentation_url":"https://docs.github.com/rest"}
[debug] [2022-09-06T18:29:58.730Z] >>> [apiv2][query] GET https://api.github.com/repos//actions/secrets/public-key type=owner
[debug] [2022-09-06T18:29:58.821Z] <<< [apiv2][status] GET https://api.github.com/repos//actions/secrets/public-key 404
[debug] [2022-09-06T18:29:58.821Z] <<< [apiv2][body] GET https://api.github.com/repos//actions/secrets/public-key {"message":"Not Found","documentation_url":"https://docs.github.com/rest"}
[debug] [2022-09-06T18:29:58.937Z] <<< [apiv2][status] GET https://api.github.com/repos//actions/secrets/public-key 404
[debug] [2022-09-06T18:29:58.937Z] <<< [apiv2][body] GET https://api.github.com/repos//actions/secrets/public-key {"message":"Not Found","documentation_url":"https://docs.github.com/rest"}
[debug] [2022-09-06T18:29:59.076Z] <<< [apiv2][status] GET https://api.github.com/repos//actions/secrets/public-key 404
[debug] [2022-09-06T18:29:59.076Z] <<< [apiv2][body] GET https://api.github.com/repos//actions/secrets/public-key {"message":"Not Found","documentation_url":"https://docs.github.com/rest"}
[debug] [2022-09-06T18:29:59.854Z] >>> [apiv2][query] GET https://api.github.com/repos//actions/secrets/public-key type=owner
[debug] [2022-09-06T18:30:00.201Z] <<< [apiv2][status] GET https://api.github.com/repos//actions/secrets/public-key 404
[debug] [2022-09-06T18:30:00.201Z] <<< [apiv2][body] GET https://api.github.com/repos//actions/secrets/public-key {"message":"Not Found","documentation_url":"https://docs.github.com/rest"}
[debug] [2022-09-06T18:30:01.326Z] >>> [apiv2][query] GET https://api.github.com/repos//actions/secrets/public-key type=owner
[debug] [2022-09-06T18:30:01.502Z] >>> [apiv2][query] GET https://api.github.com/repos//actions/secrets/public-key type=owner
[debug] [2022-09-06T18:30:01.655Z] >>> [apiv2][query] GET https://api.github.com/repos//actions/secrets/public-key type=owner
[debug] [2022-09-06T18:30:01.661Z] <<< [apiv2][status] GET https://api.github.com/repos//actions/secrets/public-key 404
[debug] [2022-09-06T18:30:01.662Z] <<< [apiv2][body] GET https://api.github.com/repos//actions/secrets/public-key {"message":"Not Found","documentation_url":"https://docs.github.com/rest"}
[debug] [2022-09-06T18:30:01.841Z] <<< [apiv2][status] GET https://api.github.com/repos//actions/secrets/public-key 404
[debug] [2022-09-06T18:30:01.841Z] <<< [apiv2][body] GET https://api.github.com/repos//actions/secrets/public-key {"message":"Not Found","documentation_url":"https://docs.github.com/rest"}
[debug] [2022-09-06T18:30:01.996Z] <<< [apiv2][status] GET https://api.github.com/repos//actions/secrets/public-key 404
[debug] [2022-09-06T18:30:01.996Z] <<< [apiv2][body] GET https://api.github.com/repos//actions/secrets/public-key {"message":"Not Found","documentation_url":"https://docs.github.com/rest"}
[debug] [2022-09-06T18:30:09.975Z] ----------------------------------------------------------------------
[debug] [2022-09-06T18:30:09.977Z] Command:       C:\Program Files\nodejs\node.exe C:\Users\Usuario\AppData\Roaming\npm\node_modules\firebase-tools\lib\bin\firebase.js init
[debug] [2022-09-06T18:30:09.978Z] CLI Version:   11.8.0
[debug] [2022-09-06T18:30:09.978Z] Platform:      win32
[debug] [2022-09-06T18:30:09.978Z] Node Version:  v16.17.0
[debug] [2022-09-06T18:30:09.979Z] Time:          Tue Sep 06 2022 13:30:09 GMT-0500 (hora de verano central)
[debug] [2022-09-06T18:30:09.980Z] ----------------------------------------------------------------------
[debug] 
[debug] [2022-09-06T18:30:10.063Z] > command requires scopes: ["email","openid","https://www.googleapis.com/auth/cloudplatformprojects.readonly","https://www.googleapis.com/auth/firebase","https://www.googleapis.com/auth/cloud-platform"]
[debug] [2022-09-06T18:30:10.063Z] > authorizing via signed-in user (isa08029612@gmail.com)
[info] 
     ######## #### ########  ######## ########     ###     ######  ########
     ##        ##  ##     ## ##       ##     ##  ##   ##  ##       ##
     ######    ##  ########  ######   ########  #########  ######  ######
     ##        ##  ##    ##  ##       ##     ## ##     ##       ## ##
     ##       #### ##     ## ######## ########  ##     ##  ######  ########

You're about to initialize a Firebase project in this directory:

  C:\Users\Usuario\Desktop\BarmanBoys\PaginaWebBarmanBoysMx

Before we get started, keep in mind:

  * You are initializing within an existing Firebase project directory

[info] 
=== Project Setup
[info] 
[info] First, let's associate this project directory with a Firebase project.
[info] You can create multiple project aliases by running firebase use --add, 
[info] but for now we'll just set up a default project.
[info] 
[debug] [2022-09-06T18:30:18.229Z] Using project from CLI flag: barmanboys
[debug] [2022-09-06T18:30:18.232Z] >>> [apiv2][query] GET https://firebase.googleapis.com/v1beta1/projects/barmanboys [none]
[debug] [2022-09-06T18:30:18.516Z] <<< [apiv2][status] GET https://firebase.googleapis.com/v1beta1/projects/barmanboys 200
[debug] [2022-09-06T18:30:18.516Z] <<< [apiv2][body] GET https://firebase.googleapis.com/v1beta1/projects/barmanboys {"projectId":"barmanboys","projectNumber":"526270321811","displayName":"barmanboys","name":"projects/barmanboys","resources":{"hostingSite":"barmanboys","realtimeDatabaseInstance":"barmanboys-default-rtdb"},"state":"ACTIVE","etag":"1_9983f15c-dd7c-48ed-aeb6-a493af0f06da"}
[info] i  Using project barmanboys (barmanboys) 
[info] 
=== Hosting Setup
[info] 
[info] Your public directory is the folder (relative to your project directory) that
[info] will contain Hosting assets to be uploaded with firebase deploy. If you
[info] have a build process for your assets, use your build's output directory.
[info] 
[debug] [2022-09-06T18:30:23.373Z] >>> [apiv2][query] GET https://www.gstatic.com/firebasejs/releases.json [none]
[debug] [2022-09-06T18:30:23.501Z] <<< [apiv2][status] GET https://www.gstatic.com/firebasejs/releases.json 200
[debug] [2022-09-06T18:30:23.501Z] <<< [apiv2][body] GET https://www.gstatic.com/firebasejs/releases.json {"current":{"version":"9.9.4","browserURL":"https://www.gstatic.com/firebasejs/9.9.4/firebase.js","packageURL":"https://www.gstatic.com/firebasejs/9.9.4/firebase.tgz"},"live":{"version":"9.9","browserURL":"https://www.gstatic.com/firebasejs/live/9.9/firebase.js","packageURL":"https://www.gstatic.com/firebasejs/live/9.9/firebase.tgz"},"components":{"analytics":"https://www.gstatic.com/firebasejs/9.9.4/firebase-analytics.js","app":"https://www.gstatic.com/firebasejs/9.9.4/firebase-app.js","app-check":"https://www.gstatic.com/firebasejs/9.9.4/firebase-app-check.js","auth":"https://www.gstatic.com/firebasejs/9.9.4/firebase-auth.js","auth/cordova":"https://www.gstatic.com/firebasejs/9.9.4/firebase-auth/cordova.js","auth/react-native":"https://www.gstatic.com/firebasejs/9.9.4/firebase-auth/react-native.js","functions":"https://www.gstatic.com/firebasejs/9.9.4/firebase-functions.js","firestore":"https://www.gstatic.com/firebasejs/9.9.4/firebase-firestore.js","firestore/lite":"https://www.gstatic.com/firebasejs/9.9.4/firebase-firestore/lite.js","installations":"https://www.gstatic.com/firebasejs/9.9.4/firebase-installations.js","storage":"https://www.gstatic.com/firebasejs/9.9.4/firebase-storage.js","performance":"https://www.gstatic.com/firebasejs/9.9.4/firebase-performance.js","remote-config":"https://www.gstatic.com/firebasejs/9.9.4/firebase-remote-config.js","messaging":"https://www.gstatic.com/firebasejs/9.9.4/firebase-messaging.js","messaging/sw":"https://www.gstatic.com/firebasejs/9.9.4/firebase-messaging/sw.js","database":"https://www.gstatic.com/firebasejs/9.9.4/firebase-database.js","firestore.memory":"https://www.gstatic.com/firebasejs/9.9.4/firebase-firestore.memory.js"}}
[info] +  Wrote public/index.html 
[info] 
[info] i  Detected a .git folder at C:\Users\Usuario\Desktop\BarmanBoys\PaginaWebBarmanBoysMx\barmanboysmx 
[info] i  Authorizing with GitHub to upload your service account to a GitHub repository's secrets store. 
[info] 
[info] Visit this URL on this device to log in:
[info] https://github.com/login/oauth/authorize?client_id=89cf50f02ac6aaed3484&state=545885700&redirect_uri=http%3A%2F%2Flocalhost%3A9005&scope=read%3Auser%20repo%20public_repo
[info] 
[info] Waiting for authentication...
[debug] [2022-09-06T18:30:25.294Z] >>> [apiv2][query] POST https://github.com/login/oauth/access_token [none]
[debug] [2022-09-06T18:30:25.294Z] >>> [apiv2][body] POST https://github.com/login/oauth/access_token [stream]
[debug] [2022-09-06T18:30:25.715Z] <<< [apiv2][status] POST https://github.com/login/oauth/access_token 200
[debug] [2022-09-06T18:30:25.716Z] <<< [apiv2][body] POST https://github.com/login/oauth/access_token {"access_token":"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","token_type":"bearer","scope":"read:user,repo"}
[debug] [2022-09-06T18:30:25.722Z] >>> [apiv2][query] GET https://api.github.com/user [none]
[debug] [2022-09-06T18:30:26.141Z] <<< [apiv2][status] GET https://api.github.com/user 200
[debug] [2022-09-06T18:30:26.141Z] <<< [apiv2][body] GET https://api.github.com/user {"login":"Isaias0101","id":102879045,"node_id":"U_kgDOBiHPRQ","avatar_url":"https://avatars.githubusercontent.com/u/102879045?v=4","gravatar_id":"","url":"https://api.github.com/users/Isaias0101","html_url":"https://github.com/Isaias0101","followers_url":"https://api.github.com/users/Isaias0101/followers","following_url":"https://api.github.com/users/Isaias0101/following{/other_user}","gists_url":"https://api.github.com/users/Isaias0101/gists{/gist_id}","starred_url":"https://api.github.com/users/Isaias0101/starred{/owner}{/repo}","subscriptions_url":"https://api.github.com/users/Isaias0101/subscriptions","organizations_url":"https://api.github.com/users/Isaias0101/orgs","repos_url":"https://api.github.com/users/Isaias0101/repos","events_url":"https://api.github.com/users/Isaias0101/events{/privacy}","received_events_url":"https://api.github.com/users/Isaias0101/received_events","type":"User","site_admin":false,"name":null,"company":null,"blog":"","location":null,"email":null,"hireable":null,"bio":null,"twitter_username":null,"public_repos":3,"public_gists":0,"followers":0,"following":1,"created_at":"2022-04-02T20:15:44Z","updated_at":"2022-09-05T19:28:57Z","private_gists":0,"total_private_repos":0,"owned_private_repos":0,"disk_usage":3194,"collaborators":0,"two_factor_authentication":false,"plan":{"name":"free","space":976562499,"collaborators":0,"private_repos":10000}}
[info] 
[info] +  Success! Logged into GitHub as Isaias0101 
[info] 
[debug] [2022-09-06T18:30:42.095Z] ----------------------------------------------------------------------
[debug] [2022-09-06T18:30:42.097Z] Command:       C:\Program Files\nodejs\node.exe C:\Users\Usuario\AppData\Roaming\npm\node_modules\firebase-tools\lib\bin\firebase.js init
[debug] [2022-09-06T18:30:42.097Z] CLI Version:   11.8.0
[debug] [2022-09-06T18:30:42.097Z] Platform:      win32
[debug] [2022-09-06T18:30:42.098Z] Node Version:  v16.17.0
[debug] [2022-09-06T18:30:42.099Z] Time:          Tue Sep 06 2022 13:30:42 GMT-0500 (hora de verano central)
[debug] [2022-09-06T18:30:42.099Z] ----------------------------------------------------------------------
[debug] 
[debug] [2022-09-06T18:30:42.172Z] > command requires scopes: ["email","openid","https://www.googleapis.com/auth/cloudplatformprojects.readonly","https://www.googleapis.com/auth/firebase","https://www.googleapis.com/auth/cloud-platform"]
[debug] [2022-09-06T18:30:42.173Z] > authorizing via signed-in user (isa08029612@gmail.com)
[info] 
     ######## #### ########  ######## ########     ###     ######  ########
     ##        ##  ##     ## ##       ##     ##  ##   ##  ##       ##
     ######    ##  ########  ######   ########  #########  ######  ######
     ##        ##  ##    ##  ##       ##     ## ##     ##       ## ##
     ##       #### ##     ## ######## ########  ##     ##  ######  ########

You're about to initialize a Firebase project in this directory:

  C:\Users\Usuario\Desktop\BarmanBoys\PaginaWebBarmanBoysMx

Before we get started, keep in mind:

  * You are initializing within an existing Firebase project directory

[info] 
=== Project Setup
[info] 
[info] First, let's associate this project directory with a Firebase project.
[info] You can create multiple project aliases by running firebase use --add, 
[info] but for now we'll just set up a default project.
[info] 
[debug] [2022-09-06T18:30:55.564Z] Using project from CLI flag: barmanboys
[debug] [2022-09-06T18:30:55.567Z] >>> [apiv2][query] GET https://firebase.googleapis.com/v1beta1/projects/barmanboys [none]
[debug] [2022-09-06T18:30:55.795Z] <<< [apiv2][status] GET https://firebase.googleapis.com/v1beta1/projects/barmanboys 200
[debug] [2022-09-06T18:30:55.795Z] <<< [apiv2][body] GET https://firebase.googleapis.com/v1beta1/projects/barmanboys {"projectId":"barmanboys","projectNumber":"526270321811","displayName":"barmanboys","name":"projects/barmanboys","resources":{"hostingSite":"barmanboys","realtimeDatabaseInstance":"barmanboys-default-rtdb"},"state":"ACTIVE","etag":"1_9983f15c-dd7c-48ed-aeb6-a493af0f06da"}
[info] i  Using project barmanboys (barmanboys) 
[info] 
=== Hosting:github Setup
[info] 
[info] i  Detected a .git folder at C:\Users\Usuario\Desktop\BarmanBoys\PaginaWebBarmanBoysMx\barmanboysmx 
[info] i  Authorizing with GitHub to upload your service account to a GitHub repository's secrets store. 
[info] 
[info] Visit this URL on this device to log in:
[info] https://github.com/login/oauth/authorize?client_id=89cf50f02ac6aaed3484&state=1052204466&redirect_uri=http%3A%2F%2Flocalhost%3A9005&scope=read%3Auser%20repo%20public_repo
[info] 
[info] Waiting for authentication...
[debug] [2022-09-06T18:30:56.413Z] >>> [apiv2][query] POST https://github.com/login/oauth/access_token [none]
[debug] [2022-09-06T18:30:56.413Z] >>> [apiv2][body] POST https://github.com/login/oauth/access_token [stream]
[debug] [2022-09-06T18:30:56.862Z] <<< [apiv2][status] POST https://github.com/login/oauth/access_token 200
[debug] [2022-09-06T18:30:56.862Z] <<< [apiv2][body] POST https://github.com/login/oauth/access_token {"access_token":"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","token_type":"bearer","scope":"read:user,repo"}
[debug] [2022-09-06T18:30:56.870Z] >>> [apiv2][query] GET https://api.github.com/user [none]
[debug] [2022-09-06T18:30:57.402Z] <<< [apiv2][status] GET https://api.github.com/user 200
[debug] [2022-09-06T18:30:57.402Z] <<< [apiv2][body] GET https://api.github.com/user {"login":"Isaias0101","id":102879045,"node_id":"U_kgDOBiHPRQ","avatar_url":"https://avatars.githubusercontent.com/u/102879045?v=4","gravatar_id":"","url":"https://api.github.com/users/Isaias0101","html_url":"https://github.com/Isaias0101","followers_url":"https://api.github.com/users/Isaias0101/followers","following_url":"https://api.github.com/users/Isaias0101/following{/other_user}","gists_url":"https://api.github.com/users/Isaias0101/gists{/gist_id}","starred_url":"https://api.github.com/users/Isaias0101/starred{/owner}{/repo}","subscriptions_url":"https://api.github.com/users/Isaias0101/subscriptions","organizations_url":"https://api.github.com/users/Isaias0101/orgs","repos_url":"https://api.github.com/users/Isaias0101/repos","events_url":"https://api.github.com/users/Isaias0101/events{/privacy}","received_events_url":"https://api.github.com/users/Isaias0101/received_events","type":"User","site_admin":false,"name":null,"company":null,"blog":"","location":null,"email":null,"hireable":null,"bio":null,"twitter_username":null,"public_repos":3,"public_gists":0,"followers":0,"following":1,"created_at":"2022-04-02T20:15:44Z","updated_at":"2022-09-05T19:28:57Z","private_gists":0,"total_private_repos":0,"owned_private_repos":0,"disk_usage":3194,"collaborators":0,"two_factor_authentication":false,"plan":{"name":"free","space":976562499,"collaborators":0,"private_repos":10000}}
[info] 
[info] +  Success! Logged into GitHub as Isaias0101 
[info] 
[debug] [2022-09-06T18:31:08.624Z] >>> [apiv2][query] GET https://api.github.com/repos//actions/secrets/public-key type=owner
[debug] [2022-09-06T18:31:08.844Z] >>> [apiv2][query] GET https://api.github.com/repos//actions/secrets/public-key type=owner
[debug] [2022-09-06T18:31:08.967Z] <<< [apiv2][status] GET https://api.github.com/repos//actions/secrets/public-key 404
[debug] [2022-09-06T18:31:08.967Z] <<< [apiv2][body] GET https://api.github.com/repos//actions/secrets/public-key {"message":"Not Found","documentation_url":"https://docs.github.com/rest"}
[debug] [2022-09-06T18:31:09.002Z] >>> [apiv2][query] GET https://api.github.com/repos//actions/secrets/public-key type=owner
[debug] [2022-09-06T18:31:09.143Z] >>> [apiv2][query] GET https://api.github.com/repos//actions/secrets/public-key type=owner
[debug] [2022-09-06T18:31:09.191Z] <<< [apiv2][status] GET https://api.github.com/repos//actions/secrets/public-key 404
[debug] [2022-09-06T18:31:09.191Z] <<< [apiv2][body] GET https://api.github.com/repos//actions/secrets/public-key {"message":"Not Found","documentation_url":"https://docs.github.com/rest"}
[debug] [2022-09-06T18:31:09.280Z] >>> [apiv2][query] GET https://api.github.com/repos//actions/secrets/public-key type=owner
[debug] [2022-09-06T18:31:09.344Z] <<< [apiv2][status] GET https://api.github.com/repos//actions/secrets/public-key 404
[debug] [2022-09-06T18:31:09.344Z] <<< [apiv2][body] GET https://api.github.com/repos//actions/secrets/public-key {"message":"Not Found","documentation_url":"https://docs.github.com/rest"}
[debug] [2022-09-06T18:31:09.481Z] <<< [apiv2][status] GET https://api.github.com/repos//actions/secrets/public-key 404
[debug] [2022-09-06T18:31:09.481Z] <<< [apiv2][body] GET https://api.github.com/repos//actions/secrets/public-key {"message":"Not Found","documentation_url":"https://docs.github.com/rest"}
[debug] [2022-09-06T18:31:09.626Z] <<< [apiv2][status] GET https://api.github.com/repos//actions/secrets/public-key 404
[debug] [2022-09-06T18:31:09.626Z] <<< [apiv2][body] GET https://api.github.com/repos//actions/secrets/public-key {"message":"Not Found","documentation_url":"https://docs.github.com/rest"}
[debug] [2022-09-06T18:31:15.578Z] >>> [apiv2][query] GET https://api.github.com/repos/barmanboys/actions/secrets/public-key type=owner
[debug] [2022-09-06T18:31:15.924Z] <<< [apiv2][status] GET https://api.github.com/repos/barmanboys/actions/secrets/public-key 404
[debug] [2022-09-06T18:31:15.924Z] <<< [apiv2][body] GET https://api.github.com/repos/barmanboys/actions/secrets/public-key {"message":"Not Found","documentation_url":"https://docs.github.com/rest"}
[debug] [2022-09-06T18:31:16.139Z] >>> [apiv2][query] GET https://api.github.com/repos/barmanboys/actions/secrets/public-key type=owner
[debug] [2022-09-06T18:31:16.311Z] >>> [apiv2][query] GET https://api.github.com/repos//actions/secrets/public-key type=owner
[debug] [2022-09-06T18:31:16.544Z] <<< [apiv2][status] GET https://api.github.com/repos/barmanboys/actions/secrets/public-key 404
[debug] [2022-09-06T18:31:16.544Z] <<< [apiv2][body] GET https://api.github.com/repos/barmanboys/actions/secrets/public-key {"message":"Not Found","documentation_url":"https://docs.github.com/rest"}
[debug] [2022-09-06T18:31:16.647Z] >>> [apiv2][query] GET https://api.github.com/repos/barmanboys/actions/secrets/public-key type=owner
[debug] [2022-09-06T18:31:16.651Z] <<< [apiv2][status] GET https://api.github.com/repos//actions/secrets/public-key 404
[debug] [2022-09-06T18:31:16.651Z] <<< [apiv2][body] GET https://api.github.com/repos//actions/secrets/public-key {"message":"Not Found","documentation_url":"https://docs.github.com/rest"}
[debug] [2022-09-06T18:31:16.998Z] <<< [apiv2][status] GET https://api.github.com/repos/barmanboys/actions/secrets/public-key 404
[debug] [2022-09-06T18:31:16.998Z] <<< [apiv2][body] GET https://api.github.com/repos/barmanboys/actions/secrets/public-key {"message":"Not Found","documentation_url":"https://docs.github.com/rest"}
[debug] [2022-09-06T18:31:17.179Z] >>> [apiv2][query] GET https://api.github.com/repos/barmanboys/actions/secrets/public-key type=owner
[debug] [2022-09-06T18:31:17.535Z] <<< [apiv2][status] GET https://api.github.com/repos/barmanboys/actions/secrets/public-key 404
[debug] [2022-09-06T18:31:17.535Z] <<< [apiv2][body] GET https://api.github.com/repos/barmanboys/actions/secrets/public-key {"message":"Not Found","documentation_url":"https://docs.github.com/rest"}
[debug] [2022-09-06T18:31:17.867Z] >>> [apiv2][query] GET https://api.github.com/repos/barmanboys/actions/secrets/public-key type=owner
[debug] [2022-09-06T18:31:18.216Z] <<< [apiv2][status] GET https://api.github.com/repos/barmanboys/actions/secrets/public-key 404
[debug] [2022-09-06T18:31:18.216Z] <<< [apiv2][body] GET https://api.github.com/repos/barmanboys/actions/secrets/public-key {"message":"Not Found","documentation_url":"https://docs.github.com/rest"}
[debug] [2022-09-06T18:31:18.735Z] >>> [apiv2][query] GET https://api.github.com/repos/barmanboys/actions/secrets/public-key type=owner
[debug] [2022-09-06T18:31:18.877Z] >>> [apiv2][query] GET https://api.github.com/repos//actions/secrets/public-key type=owner
[debug] [2022-09-06T18:31:19.024Z] >>> [apiv2][query] GET https://api.github.com/repos//actions/secrets/public-key type=owner
[debug] [2022-09-06T18:31:19.082Z] <<< [apiv2][status] GET https://api.github.com/repos/barmanboys/actions/secrets/public-key 404
[debug] [2022-09-06T18:31:19.082Z] <<< [apiv2][body] GET https://api.github.com/repos/barmanboys/actions/secrets/public-key {"message":"Not Found","documentation_url":"https://docs.github.com/rest"}
[debug] [2022-09-06T18:31:19.131Z] >>> [apiv2][query] GET https://api.github.com/repos/barmanboys/actions/secrets/public-key type=owner
[debug] [2022-09-06T18:31:19.206Z] <<< [apiv2][status] GET https://api.github.com/repos//actions/secrets/public-key 404
[debug] [2022-09-06T18:31:19.207Z] <<< [apiv2][body] GET https://api.github.com/repos//actions/secrets/public-key {"message":"Not Found","documentation_url":"https://docs.github.com/rest"}
[debug] [2022-09-06T18:31:19.362Z] <<< [apiv2][status] GET https://api.github.com/repos//actions/secrets/public-key 404
[debug] [2022-09-06T18:31:19.363Z] <<< [apiv2][body] GET https://api.github.com/repos//actions/secrets/public-key {"message":"Not Found","documentation_url":"https://docs.github.com/rest"}
[debug] [2022-09-06T18:31:19.479Z] <<< [apiv2][status] GET https://api.github.com/repos/barmanboys/actions/secrets/public-key 404
[debug] [2022-09-06T18:31:19.479Z] <<< [apiv2][body] GET https://api.github.com/repos/barmanboys/actions/secrets/public-key {"message":"Not Found","documentation_url":"https://docs.github.com/rest"}
